|******************************************************************************************************************************|
|*                                                                                                                            *|
|*                                                                                                                            *|
|*                                          ,--------.                   ,--.                                                 *|
|*                                          '--.  .--',---. ,--.--. ,---.|  ,---.                                             *|
|*                                             |  |  | .-. ||  .--'| .--'|  .-.  |                                            *|
|*                                             |  |  ' '-' '|  |   \ `--.|  | |  |                                            *|
|*                                             `--'   `---' `--'    `---'`--' `--'                                            *|
|*                                                ,--.   ,-----.  ,--.   ,--.                                                 *|
|*                                                |  |   |  |) /_ |   `.'   |                                                 *|
|*                                                |  |   |  .-.  \|  |'.'|  |                                                 *|
|*                                                |  '--.|  '--' /|  |   |  |                                                 *|
|*                                                `-----'`------' `--'   `--'                                                 *|
|*                                                                                                                            *|
|*                                                                                                                            *|
|*                                                    Run a LBM simulation                                                    *|
|*                                                                                                                            *|
|*                                                                                                                            *|
|******************************************************************************************************************************|
|*                                                                                                                            *|
|******************************************************************************************************************************|
|*                                                                                                                            *|
|*  Conversion factors:                                                                                                       *|
|*                                                                                                                            *|
|*        Name          Value                                                                                                 *|
|*  ----------------------------                                                                                              *|
|*       Length          0.0004                                                                                               *|
|*  ----------------------------                                                                                              *|
|*      Velocity         0.2078                                                                                               *|
|*  ----------------------------                                                                                              *|
|*        Time           0.0019                                                                                               *|
|*  ----------------------------                                                                                              *|
|*    Acceleration     110.5920                                                                                               *|
|*  ----------------------------                                                                                              *|
|*       Density         1.0000                                                                                               *|
|*  ----------------------------                                                                                              *|
|*      Pressure         0.0432                                                                                               *|
|*  ----------------------------                                                                                              *|
|*   Bending modulus     0.0000                                                                                               *|
|*  ----------------------------                                                                                              *|
|*  Shear resistance     0.0000                                                                                               *|
|*                                                                                                                            *|
|******************************************************************************************************************************|
|*                                                                                                                            *|
|*  Stability considerations:                                                                                                 *|
|*                                                                                                                            *|
|*                    Name                      Value                                                                         *|
|*  ----------------------------------------------------                                                                      *|
|*              Tau lattice units                0.5370                                                                       *|
|*  ----------------------------------------------------                                                                      *|
|*  Characteristic velocity in lattice units     0.1443                                                                       *|
|*                                                                                                                            *|
|******************************************************************************************************************************|
|*                                                                                                                            *|
|******************************************************************************************************************************|
|*                                                                                                                            *|
|*  A log file has been generated: /local/disk1/torchLBM/TorchLBM/VortexStreet_Re_200_1/torchlbm_log.out                      *|
|*                                                                                                                            *|
|******************************************************************************************************************************|
|*                                                                                                                            *|
|*                                                                                                                            *|
|*                                                  The simulation finished.                                                  *|
|*                                                                                                                            *|
|*                                                                                                                            *|
|*                                                    Simulation finished                                                     *|
|*                                                                                                                            *|
|*                                                                                                                            *|
|******************************************************************************************************************************|
